mode: set
github.com/chazapp/o11/apps/wall_api/main.go:11.13,65.40 1 0
github.com/chazapp/o11/apps/wall_api/main.go:87.2,87.41 1 0
github.com/chazapp/o11/apps/wall_api/main.go:65.40,78.28 10 0
github.com/chazapp/o11/apps/wall_api/main.go:81.6,81.97 1 0
github.com/chazapp/o11/apps/wall_api/main.go:78.28,80.7 1 0
github.com/chazapp/o11/apps/wall_api/main.go:87.41,89.3 1 0
github.com/chazapp/o11/apps/wall_api/otel.go:21.77,30.16 3 0
github.com/chazapp/o11/apps/wall_api/otel.go:34.2,41.16 4 0
github.com/chazapp/o11/apps/wall_api/otel.go:46.2,47.16 2 0
github.com/chazapp/o11/apps/wall_api/otel.go:53.2,65.37 5 0
github.com/chazapp/o11/apps/wall_api/otel.go:30.16,32.3 1 0
github.com/chazapp/o11/apps/wall_api/otel.go:41.16,43.3 1 0
github.com/chazapp/o11/apps/wall_api/otel.go:47.16,49.3 1 0
github.com/chazapp/o11/apps/wall_api/server.go:25.88,35.74 6 1
github.com/chazapp/o11/apps/wall_api/server.go:39.2,50.10 6 1
github.com/chazapp/o11/apps/wall_api/server.go:35.74,38.3 1 1
github.com/chazapp/o11/apps/wall_api/server.go:53.33,59.2 5 1
github.com/chazapp/o11/apps/wall_api/server.go:61.134,69.2 7 0
github.com/chazapp/o11/apps/wall_api/server.go:71.91,75.16 4 0
github.com/chazapp/o11/apps/wall_api/server.go:78.2,78.24 1 0
github.com/chazapp/o11/apps/wall_api/server.go:84.2,88.16 3 0
github.com/chazapp/o11/apps/wall_api/server.go:91.2,92.11 2 0
github.com/chazapp/o11/apps/wall_api/server.go:75.16,77.3 1 0
github.com/chazapp/o11/apps/wall_api/server.go:78.24,79.105 1 0
github.com/chazapp/o11/apps/wall_api/server.go:79.105,81.4 1 0
github.com/chazapp/o11/apps/wall_api/server.go:88.16,90.3 1 0
github.com/chazapp/o11/apps/wall_api/server.go:95.34,97.2 1 1
